<?xml version="1.0" encoding="UTF-8"?>
<!-- Generated by org.testng.reporters.JUnitXMLReporter -->
<testsuite hostname="IN5CD8052Q0G" ignored="0" name="testngTest1" tests="4" failures="0" timestamp="10 Jan 2019 15:20:57 GMT" time="26.528" errors="0">
  <testcase name="TC1_SearchItem_AddToCart" time="12.503" classname="tests.TestScripts"/>
  <testcase name="TC2_Checkout_PayByDelivery" time="15.948" classname="tests.TestScripts"/>
  <testcase name="TC3_SelectStoryBook" time="12.695" classname="tests.TestScripts"/>
  <testcase name="TC4_SelectStoryBook" time="10.532" classname="tests.TestScripts"/>
</testsuite> <!-- testngTest1 -->
