<?xml version="1.0" encoding="UTF-8"?>
<testng-results skipped="0" failed="0" ignored="0" total="1" passed="1">
  <reporter-output>
  </reporter-output>
  <suite name="Suite" duration-ms="21711" started-at="2019-02-14T17:59:37Z" finished-at="2019-02-14T17:59:59Z">
    <groups>
    </groups>
    <test name="testngTest1" duration-ms="21711" started-at="2019-02-14T17:59:37Z" finished-at="2019-02-14T17:59:59Z">
      <class name="tests.TestScriptsAmazon">
        <test-method status="PASS" signature="BaseTest1()[pri:0, instance:tests.TestScriptsAmazon@9f70c54]" name="BaseTest1" is-config="true" duration-ms="4914" started-at="2019-02-14T17:59:37Z" finished-at="2019-02-14T17:59:42Z">
          <reporter-output>
          </reporter-output>
        </test-method> <!-- BaseTest1 -->
        <test-method status="PASS" signature="TC0_Hover_TestToolTip()[pri:0, instance:tests.TestScriptsAmazon@9f70c54]" name="TC0_Hover_TestToolTip" duration-ms="15206" started-at="2019-02-14T17:59:42Z" finished-at="2019-02-14T17:59:57Z">
          <reporter-output>
          </reporter-output>
        </test-method> <!-- TC0_Hover_TestToolTip -->
        <test-method status="PASS" signature="afterTest()[pri:0, instance:tests.TestScriptsAmazon@9f70c54]" name="afterTest" is-config="true" duration-ms="1540" started-at="2019-02-14T17:59:57Z" finished-at="2019-02-14T17:59:59Z">
          <reporter-output>
          </reporter-output>
        </test-method> <!-- afterTest -->
      </class> <!-- tests.TestScriptsAmazon -->
    </test> <!-- testngTest1 -->
  </suite> <!-- Suite -->
</testng-results>
