<?xml version="1.0" encoding="UTF-8"?>
<testng-results skipped="0" failed="0" ignored="0" total="4" passed="4">
  <reporter-output>
  </reporter-output>
  <suite name="Suite" duration-ms="26528" started-at="2019-01-10T15:20:30Z" finished-at="2019-01-10T15:20:57Z">
    <groups>
    </groups>
    <test name="testngTest1" duration-ms="26528" started-at="2019-01-10T15:20:30Z" finished-at="2019-01-10T15:20:57Z">
      <class name="tests.TestScripts">
        <test-method status="PASS" signature="TC1_SearchItem_AddToCart()[pri:0, instance:tests.TestScripts@59f99ea]" name="TC1_SearchItem_AddToCart" duration-ms="12503" started-at="2019-01-10T15:20:30Z" finished-at="2019-01-10T15:20:43Z">
          <reporter-output>
          </reporter-output>
        </test-method> <!-- TC1_SearchItem_AddToCart -->
        <test-method status="PASS" signature="TC2_Checkout_PayByDelivery()[pri:0, instance:tests.TestScripts@59f99ea]" name="TC2_Checkout_PayByDelivery" duration-ms="15948" started-at="2019-01-10T15:20:30Z" finished-at="2019-01-10T15:20:46Z">
          <reporter-output>
          </reporter-output>
        </test-method> <!-- TC2_Checkout_PayByDelivery -->
        <test-method status="PASS" signature="TC3_SelectStoryBook()[pri:0, instance:tests.TestScripts@59f99ea]" name="TC3_SelectStoryBook" duration-ms="12695" started-at="2019-01-10T15:20:43Z" finished-at="2019-01-10T15:20:55Z">
          <reporter-output>
          </reporter-output>
        </test-method> <!-- TC3_SelectStoryBook -->
        <test-method status="PASS" signature="TC4_SelectStoryBook()[pri:0, instance:tests.TestScripts@59f99ea]" name="TC4_SelectStoryBook" duration-ms="10532" started-at="2019-01-10T15:20:46Z" finished-at="2019-01-10T15:20:57Z">
          <reporter-output>
          </reporter-output>
        </test-method> <!-- TC4_SelectStoryBook -->
      </class> <!-- tests.TestScripts -->
    </test> <!-- testngTest1 -->
  </suite> <!-- Suite -->
</testng-results>
